<?xml version="1.0" encoding="UTF-8"?>
<testsuite xmlns:xsi="http://www.w3.org/2001/XMLSchema-instance" xsi:noNamespaceSchemaLocation="https://maven.apache.org/surefire/maven-surefire-plugin/xsd/surefire-test-report.xsd" version="3.0.2" name="com.divy.sanlam.SanlamApplicationTests" time="6.58" tests="1" errors="0" skipped="0" failures="0">
  <properties>
    <property name="java.specification.version" value="17"/>
    <property name="sun.jnu.encoding" value="UTF-8"/>
    <property name="java.class.path" value="/Users/divyan.chetty/workspace/sanlam-assessment/target/test-classes:/Users/divyan.chetty/workspace/sanlam-assessment/target/classes:/Users/divyan.chetty/.m2/repository/org/springframework/boot/spring-boot-starter-web/3.4.4/spring-boot-starter-web-3.4.4.jar:/Users/divyan.chetty/.m2/repository/org/springframework/boot/spring-boot-starter/3.4.4/spring-boot-starter-3.4.4.jar:/Users/divyan.chetty/.m2/repository/org/springframework/boot/spring-boot/3.4.4/spring-boot-3.4.4.jar:/Users/divyan.chetty/.m2/repository/org/springframework/boot/spring-boot-autoconfigure/3.4.4/spring-boot-autoconfigure-3.4.4.jar:/Users/divyan.chetty/.m2/repository/org/springframework/boot/spring-boot-starter-logging/3.4.4/spring-boot-starter-logging-3.4.4.jar:/Users/divyan.chetty/.m2/repository/ch/qos/logback/logback-classic/1.5.18/logback-classic-1.5.18.jar:/Users/divyan.chetty/.m2/repository/ch/qos/logback/logback-core/1.5.18/logback-core-1.5.18.jar:/Users/divyan.chetty/.m2/repository/org/apache/logging/log4j/log4j-to-slf4j/2.24.3/log4j-to-slf4j-2.24.3.jar:/Users/divyan.chetty/.m2/repository/org/apache/logging/log4j/log4j-api/2.24.3/log4j-api-2.24.3.jar:/Users/divyan.chetty/.m2/repository/org/slf4j/jul-to-slf4j/2.0.17/jul-to-slf4j-2.0.17.jar:/Users/divyan.chetty/.m2/repository/org/yaml/snakeyaml/2.3/snakeyaml-2.3.jar:/Users/divyan.chetty/.m2/repository/org/springframework/boot/spring-boot-starter-json/3.4.4/spring-boot-starter-json-3.4.4.jar:/Users/divyan.chetty/.m2/repository/com/fasterxml/jackson/core/jackson-databind/2.18.3/jackson-databind-2.18.3.jar:/Users/divyan.chetty/.m2/repository/com/fasterxml/jackson/core/jackson-annotations/2.18.3/jackson-annotations-2.18.3.jar:/Users/divyan.chetty/.m2/repository/com/fasterxml/jackson/core/jackson-core/2.18.3/jackson-core-2.18.3.jar:/Users/divyan.chetty/.m2/repository/com/fasterxml/jackson/datatype/jackson-datatype-jdk8/2.18.3/jackson-datatype-jdk8-2.18.3.jar:/Users/divyan.chetty/.m2/repository/com/fasterxml/jackson/datatype/jackson-datatype-jsr310/2.18.3/jackson-datatype-jsr310-2.18.3.jar:/Users/divyan.chetty/.m2/repository/com/fasterxml/jackson/module/jackson-module-parameter-names/2.18.3/jackson-module-parameter-names-2.18.3.jar:/Users/divyan.chetty/.m2/repository/org/springframework/boot/spring-boot-starter-tomcat/3.4.4/spring-boot-starter-tomcat-3.4.4.jar:/Users/divyan.chetty/.m2/repository/org/apache/tomcat/embed/tomcat-embed-core/10.1.39/tomcat-embed-core-10.1.39.jar:/Users/divyan.chetty/.m2/repository/org/apache/tomcat/embed/tomcat-embed-el/10.1.39/tomcat-embed-el-10.1.39.jar:/Users/divyan.chetty/.m2/repository/org/apache/tomcat/embed/tomcat-embed-websocket/10.1.39/tomcat-embed-websocket-10.1.39.jar:/Users/divyan.chetty/.m2/repository/org/springframework/spring-web/6.2.5/spring-web-6.2.5.jar:/Users/divyan.chetty/.m2/repository/org/springframework/spring-beans/6.2.5/spring-beans-6.2.5.jar:/Users/divyan.chetty/.m2/repository/io/micrometer/micrometer-observation/1.14.5/micrometer-observation-1.14.5.jar:/Users/divyan.chetty/.m2/repository/io/micrometer/micrometer-commons/1.14.5/micrometer-commons-1.14.5.jar:/Users/divyan.chetty/.m2/repository/org/springframework/spring-webmvc/6.2.5/spring-webmvc-6.2.5.jar:/Users/divyan.chetty/.m2/repository/org/springframework/spring-aop/6.2.5/spring-aop-6.2.5.jar:/Users/divyan.chetty/.m2/repository/org/springframework/spring-context/6.2.5/spring-context-6.2.5.jar:/Users/divyan.chetty/.m2/repository/org/springframework/spring-expression/6.2.5/spring-expression-6.2.5.jar:/Users/divyan.chetty/.m2/repository/org/springframework/boot/spring-boot-starter-jdbc/3.4.4/spring-boot-starter-jdbc-3.4.4.jar:/Users/divyan.chetty/.m2/repository/com/zaxxer/HikariCP/5.1.0/HikariCP-5.1.0.jar:/Users/divyan.chetty/.m2/repository/org/slf4j/slf4j-api/2.0.17/slf4j-api-2.0.17.jar:/Users/divyan.chetty/.m2/repository/org/springframework/spring-jdbc/6.2.5/spring-jdbc-6.2.5.jar:/Users/divyan.chetty/.m2/repository/org/springframework/spring-tx/6.2.5/spring-tx-6.2.5.jar:/Users/divyan.chetty/.m2/repository/com/h2database/h2/2.3.232/h2-2.3.232.jar:/Users/divyan.chetty/.m2/repository/software/amazon/awssdk/sns/2.25.11/sns-2.25.11.jar:/Users/divyan.chetty/.m2/repository/software/amazon/awssdk/aws-query-protocol/2.25.11/aws-query-protocol-2.25.11.jar:/Users/divyan.chetty/.m2/repository/software/amazon/awssdk/protocol-core/2.25.11/protocol-core-2.25.11.jar:/Users/divyan.chetty/.m2/repository/software/amazon/awssdk/http-auth-aws/2.25.11/http-auth-aws-2.25.11.jar:/Users/divyan.chetty/.m2/repository/software/amazon/awssdk/checksums-spi/2.25.11/checksums-spi-2.25.11.jar:/Users/divyan.chetty/.m2/repository/software/amazon/awssdk/checksums/2.25.11/checksums-2.25.11.jar:/Users/divyan.chetty/.m2/repository/software/amazon/awssdk/sdk-core/2.25.11/sdk-core-2.25.11.jar:/Users/divyan.chetty/.m2/repository/software/amazon/awssdk/profiles/2.25.11/profiles-2.25.11.jar:/Users/divyan.chetty/.m2/repository/org/reactivestreams/reactive-streams/1.0.4/reactive-streams-1.0.4.jar:/Users/divyan.chetty/.m2/repository/software/amazon/awssdk/auth/2.25.11/auth-2.25.11.jar:/Users/divyan.chetty/.m2/repository/software/amazon/eventstream/eventstream/1.0.1/eventstream-1.0.1.jar:/Users/divyan.chetty/.m2/repository/software/amazon/awssdk/http-auth-spi/2.25.11/http-auth-spi-2.25.11.jar:/Users/divyan.chetty/.m2/repository/software/amazon/awssdk/http-auth/2.25.11/http-auth-2.25.11.jar:/Users/divyan.chetty/.m2/repository/software/amazon/awssdk/identity-spi/2.25.11/identity-spi-2.25.11.jar:/Users/divyan.chetty/.m2/repository/software/amazon/awssdk/http-client-spi/2.25.11/http-client-spi-2.25.11.jar:/Users/divyan.chetty/.m2/repository/software/amazon/awssdk/regions/2.25.11/regions-2.25.11.jar:/Users/divyan.chetty/.m2/repository/software/amazon/awssdk/annotations/2.25.11/annotations-2.25.11.jar:/Users/divyan.chetty/.m2/repository/software/amazon/awssdk/utils/2.25.11/utils-2.25.11.jar:/Users/divyan.chetty/.m2/repository/software/amazon/awssdk/aws-core/2.25.11/aws-core-2.25.11.jar:/Users/divyan.chetty/.m2/repository/software/amazon/awssdk/metrics-spi/2.25.11/metrics-spi-2.25.11.jar:/Users/divyan.chetty/.m2/repository/software/amazon/awssdk/json-utils/2.25.11/json-utils-2.25.11.jar:/Users/divyan.chetty/.m2/repository/software/amazon/awssdk/third-party-jackson-core/2.25.11/third-party-jackson-core-2.25.11.jar:/Users/divyan.chetty/.m2/repository/software/amazon/awssdk/endpoints-spi/2.25.11/endpoints-spi-2.25.11.jar:/Users/divyan.chetty/.m2/repository/software/amazon/awssdk/apache-client/2.25.11/apache-client-2.25.11.jar:/Users/divyan.chetty/.m2/repository/org/apache/httpcomponents/httpclient/4.5.13/httpclient-4.5.13.jar:/Users/divyan.chetty/.m2/repository/commons-logging/commons-logging/1.2/commons-logging-1.2.jar:/Users/divyan.chetty/.m2/repository/org/apache/httpcomponents/httpcore/4.4.16/httpcore-4.4.16.jar:/Users/divyan.chetty/.m2/repository/commons-codec/commons-codec/1.17.2/commons-codec-1.17.2.jar:/Users/divyan.chetty/.m2/repository/software/amazon/awssdk/netty-nio-client/2.25.11/netty-nio-client-2.25.11.jar:/Users/divyan.chetty/.m2/repository/io/netty/netty-codec-http/4.1.119.Final/netty-codec-http-4.1.119.Final.jar:/Users/divyan.chetty/.m2/repository/io/netty/netty-codec-http2/4.1.119.Final/netty-codec-http2-4.1.119.Final.jar:/Users/divyan.chetty/.m2/repository/io/netty/netty-codec/4.1.119.Final/netty-codec-4.1.119.Final.jar:/Users/divyan.chetty/.m2/repository/io/netty/netty-transport/4.1.119.Final/netty-transport-4.1.119.Final.jar:/Users/divyan.chetty/.m2/repository/io/netty/netty-common/4.1.119.Final/netty-common-4.1.119.Final.jar:/Users/divyan.chetty/.m2/repository/io/netty/netty-buffer/4.1.119.Final/netty-buffer-4.1.119.Final.jar:/Users/divyan.chetty/.m2/repository/io/netty/netty-handler/4.1.119.Final/netty-handler-4.1.119.Final.jar:/Users/divyan.chetty/.m2/repository/io/netty/netty-transport-native-unix-common/4.1.119.Final/netty-transport-native-unix-common-4.1.119.Final.jar:/Users/divyan.chetty/.m2/repository/io/netty/netty-transport-classes-epoll/4.1.119.Final/netty-transport-classes-epoll-4.1.119.Final.jar:/Users/divyan.chetty/.m2/repository/io/netty/netty-resolver/4.1.119.Final/netty-resolver-4.1.119.Final.jar:/Users/divyan.chetty/.m2/repository/jakarta/annotation/jakarta.annotation-api/2.1.1/jakarta.annotation-api-2.1.1.jar:/Users/divyan.chetty/.m2/repository/org/springframework/boot/spring-boot-starter-test/3.4.4/spring-boot-starter-test-3.4.4.jar:/Users/divyan.chetty/.m2/repository/org/springframework/boot/spring-boot-test/3.4.4/spring-boot-test-3.4.4.jar:/Users/divyan.chetty/.m2/repository/org/springframework/boot/spring-boot-test-autoconfigure/3.4.4/spring-boot-test-autoconfigure-3.4.4.jar:/Users/divyan.chetty/.m2/repository/com/jayway/jsonpath/json-path/2.9.0/json-path-2.9.0.jar:/Users/divyan.chetty/.m2/repository/jakarta/xml/bind/jakarta.xml.bind-api/4.0.2/jakarta.xml.bind-api-4.0.2.jar:/Users/divyan.chetty/.m2/repository/jakarta/activation/jakarta.activation-api/2.1.3/jakarta.activation-api-2.1.3.jar:/Users/divyan.chetty/.m2/repository/net/minidev/json-smart/2.5.2/json-smart-2.5.2.jar:/Users/divyan.chetty/.m2/repository/net/minidev/accessors-smart/2.5.2/accessors-smart-2.5.2.jar:/Users/divyan.chetty/.m2/repository/org/ow2/asm/asm/9.7.1/asm-9.7.1.jar:/Users/divyan.chetty/.m2/repository/org/assertj/assertj-core/3.26.3/assertj-core-3.26.3.jar:/Users/divyan.chetty/.m2/repository/net/bytebuddy/byte-buddy/1.15.11/byte-buddy-1.15.11.jar:/Users/divyan.chetty/.m2/repository/org/awaitility/awaitility/4.2.2/awaitility-4.2.2.jar:/Users/divyan.chetty/.m2/repository/org/hamcrest/hamcrest/2.2/hamcrest-2.2.jar:/Users/divyan.chetty/.m2/repository/org/junit/jupiter/junit-jupiter/5.11.4/junit-jupiter-5.11.4.jar:/Users/divyan.chetty/.m2/repository/org/junit/jupiter/junit-jupiter-api/5.11.4/junit-jupiter-api-5.11.4.jar:/Users/divyan.chetty/.m2/repository/org/opentest4j/opentest4j/1.3.0/opentest4j-1.3.0.jar:/Users/divyan.chetty/.m2/repository/org/junit/platform/junit-platform-commons/1.11.4/junit-platform-commons-1.11.4.jar:/Users/divyan.chetty/.m2/repository/org/apiguardian/apiguardian-api/1.1.2/apiguardian-api-1.1.2.jar:/Users/divyan.chetty/.m2/repository/org/junit/jupiter/junit-jupiter-params/5.11.4/junit-jupiter-params-5.11.4.jar:/Users/divyan.chetty/.m2/repository/org/junit/jupiter/junit-jupiter-engine/5.11.4/junit-jupiter-engine-5.11.4.jar:/Users/divyan.chetty/.m2/repository/org/junit/platform/junit-platform-engine/1.11.4/junit-platform-engine-1.11.4.jar:/Users/divyan.chetty/.m2/repository/org/mockito/mockito-core/5.14.2/mockito-core-5.14.2.jar:/Users/divyan.chetty/.m2/repository/net/bytebuddy/byte-buddy-agent/1.15.11/byte-buddy-agent-1.15.11.jar:/Users/divyan.chetty/.m2/repository/org/objenesis/objenesis/3.3/objenesis-3.3.jar:/Users/divyan.chetty/.m2/repository/org/mockito/mockito-junit-jupiter/5.14.2/mockito-junit-jupiter-5.14.2.jar:/Users/divyan.chetty/.m2/repository/org/skyscreamer/jsonassert/1.5.3/jsonassert-1.5.3.jar:/Users/divyan.chetty/.m2/repository/com/vaadin/external/google/android-json/0.0.20131108.vaadin1/android-json-0.0.20131108.vaadin1.jar:/Users/divyan.chetty/.m2/repository/org/springframework/spring-core/6.2.5/spring-core-6.2.5.jar:/Users/divyan.chetty/.m2/repository/org/springframework/spring-jcl/6.2.5/spring-jcl-6.2.5.jar:/Users/divyan.chetty/.m2/repository/org/springframework/spring-test/6.2.5/spring-test-6.2.5.jar:/Users/divyan.chetty/.m2/repository/org/xmlunit/xmlunit-core/2.10.0/xmlunit-core-2.10.0.jar:"/>
    <property name="java.vm.vendor" value="Eclipse Adoptium"/>
    <property name="sun.arch.data.model" value="64"/>
    <property name="java.vendor.url" value="https://adoptium.net/"/>
    <property name="user.timezone" value="Africa/Johannesburg"/>
    <property name="os.name" value="Mac OS X"/>
    <property name="java.vm.specification.version" value="17"/>
    <property name="APPLICATION_NAME" value="sanlam"/>
    <property name="sun.java.launcher" value="SUN_STANDARD"/>
    <property name="user.country" value="GB"/>
    <property name="sun.boot.library.path" value="/Users/divyan.chetty/.sdkman/candidates/java/17.0.10-tem/lib"/>
    <property name="sun.java.command" value="/Users/divyan.chetty/workspace/sanlam-assessment/target/surefire/surefirebooter-20250413124332335_3.jar /Users/divyan.chetty/workspace/sanlam-assessment/target/surefire 2025-04-13T12-43-32_124-jvmRun1 surefire-20250413124332335_1tmp surefire_0-20250413124332335_2tmp"/>
    <property name="jdk.debug" value="release"/>
    <property name="surefire.test.class.path" value="/Users/divyan.chetty/workspace/sanlam-assessment/target/test-classes:/Users/divyan.chetty/workspace/sanlam-assessment/target/classes:/Users/divyan.chetty/.m2/repository/org/springframework/boot/spring-boot-starter-web/3.4.4/spring-boot-starter-web-3.4.4.jar:/Users/divyan.chetty/.m2/repository/org/springframework/boot/spring-boot-starter/3.4.4/spring-boot-starter-3.4.4.jar:/Users/divyan.chetty/.m2/repository/org/springframework/boot/spring-boot/3.4.4/spring-boot-3.4.4.jar:/Users/divyan.chetty/.m2/repository/org/springframework/boot/spring-boot-autoconfigure/3.4.4/spring-boot-autoconfigure-3.4.4.jar:/Users/divyan.chetty/.m2/repository/org/springframework/boot/spring-boot-starter-logging/3.4.4/spring-boot-starter-logging-3.4.4.jar:/Users/divyan.chetty/.m2/repository/ch/qos/logback/logback-classic/1.5.18/logback-classic-1.5.18.jar:/Users/divyan.chetty/.m2/repository/ch/qos/logback/logback-core/1.5.18/logback-core-1.5.18.jar:/Users/divyan.chetty/.m2/repository/org/apache/logging/log4j/log4j-to-slf4j/2.24.3/log4j-to-slf4j-2.24.3.jar:/Users/divyan.chetty/.m2/repository/org/apache/logging/log4j/log4j-api/2.24.3/log4j-api-2.24.3.jar:/Users/divyan.chetty/.m2/repository/org/slf4j/jul-to-slf4j/2.0.17/jul-to-slf4j-2.0.17.jar:/Users/divyan.chetty/.m2/repository/org/yaml/snakeyaml/2.3/snakeyaml-2.3.jar:/Users/divyan.chetty/.m2/repository/org/springframework/boot/spring-boot-starter-json/3.4.4/spring-boot-starter-json-3.4.4.jar:/Users/divyan.chetty/.m2/repository/com/fasterxml/jackson/core/jackson-databind/2.18.3/jackson-databind-2.18.3.jar:/Users/divyan.chetty/.m2/repository/com/fasterxml/jackson/core/jackson-annotations/2.18.3/jackson-annotations-2.18.3.jar:/Users/divyan.chetty/.m2/repository/com/fasterxml/jackson/core/jackson-core/2.18.3/jackson-core-2.18.3.jar:/Users/divyan.chetty/.m2/repository/com/fasterxml/jackson/datatype/jackson-datatype-jdk8/2.18.3/jackson-datatype-jdk8-2.18.3.jar:/Users/divyan.chetty/.m2/repository/com/fasterxml/jackson/datatype/jackson-datatype-jsr310/2.18.3/jackson-datatype-jsr310-2.18.3.jar:/Users/divyan.chetty/.m2/repository/com/fasterxml/jackson/module/jackson-module-parameter-names/2.18.3/jackson-module-parameter-names-2.18.3.jar:/Users/divyan.chetty/.m2/repository/org/springframework/boot/spring-boot-starter-tomcat/3.4.4/spring-boot-starter-tomcat-3.4.4.jar:/Users/divyan.chetty/.m2/repository/org/apache/tomcat/embed/tomcat-embed-core/10.1.39/tomcat-embed-core-10.1.39.jar:/Users/divyan.chetty/.m2/repository/org/apache/tomcat/embed/tomcat-embed-el/10.1.39/tomcat-embed-el-10.1.39.jar:/Users/divyan.chetty/.m2/repository/org/apache/tomcat/embed/tomcat-embed-websocket/10.1.39/tomcat-embed-websocket-10.1.39.jar:/Users/divyan.chetty/.m2/repository/org/springframework/spring-web/6.2.5/spring-web-6.2.5.jar:/Users/divyan.chetty/.m2/repository/org/springframework/spring-beans/6.2.5/spring-beans-6.2.5.jar:/Users/divyan.chetty/.m2/repository/io/micrometer/micrometer-observation/1.14.5/micrometer-observation-1.14.5.jar:/Users/divyan.chetty/.m2/repository/io/micrometer/micrometer-commons/1.14.5/micrometer-commons-1.14.5.jar:/Users/divyan.chetty/.m2/repository/org/springframework/spring-webmvc/6.2.5/spring-webmvc-6.2.5.jar:/Users/divyan.chetty/.m2/repository/org/springframework/spring-aop/6.2.5/spring-aop-6.2.5.jar:/Users/divyan.chetty/.m2/repository/org/springframework/spring-context/6.2.5/spring-context-6.2.5.jar:/Users/divyan.chetty/.m2/repository/org/springframework/spring-expression/6.2.5/spring-expression-6.2.5.jar:/Users/divyan.chetty/.m2/repository/org/springframework/boot/spring-boot-starter-jdbc/3.4.4/spring-boot-starter-jdbc-3.4.4.jar:/Users/divyan.chetty/.m2/repository/com/zaxxer/HikariCP/5.1.0/HikariCP-5.1.0.jar:/Users/divyan.chetty/.m2/repository/org/slf4j/slf4j-api/2.0.17/slf4j-api-2.0.17.jar:/Users/divyan.chetty/.m2/repository/org/springframework/spring-jdbc/6.2.5/spring-jdbc-6.2.5.jar:/Users/divyan.chetty/.m2/repository/org/springframework/spring-tx/6.2.5/spring-tx-6.2.5.jar:/Users/divyan.chetty/.m2/repository/com/h2database/h2/2.3.232/h2-2.3.232.jar:/Users/divyan.chetty/.m2/repository/software/amazon/awssdk/sns/2.25.11/sns-2.25.11.jar:/Users/divyan.chetty/.m2/repository/software/amazon/awssdk/aws-query-protocol/2.25.11/aws-query-protocol-2.25.11.jar:/Users/divyan.chetty/.m2/repository/software/amazon/awssdk/protocol-core/2.25.11/protocol-core-2.25.11.jar:/Users/divyan.chetty/.m2/repository/software/amazon/awssdk/http-auth-aws/2.25.11/http-auth-aws-2.25.11.jar:/Users/divyan.chetty/.m2/repository/software/amazon/awssdk/checksums-spi/2.25.11/checksums-spi-2.25.11.jar:/Users/divyan.chetty/.m2/repository/software/amazon/awssdk/checksums/2.25.11/checksums-2.25.11.jar:/Users/divyan.chetty/.m2/repository/software/amazon/awssdk/sdk-core/2.25.11/sdk-core-2.25.11.jar:/Users/divyan.chetty/.m2/repository/software/amazon/awssdk/profiles/2.25.11/profiles-2.25.11.jar:/Users/divyan.chetty/.m2/repository/org/reactivestreams/reactive-streams/1.0.4/reactive-streams-1.0.4.jar:/Users/divyan.chetty/.m2/repository/software/amazon/awssdk/auth/2.25.11/auth-2.25.11.jar:/Users/divyan.chetty/.m2/repository/software/amazon/eventstream/eventstream/1.0.1/eventstream-1.0.1.jar:/Users/divyan.chetty/.m2/repository/software/amazon/awssdk/http-auth-spi/2.25.11/http-auth-spi-2.25.11.jar:/Users/divyan.chetty/.m2/repository/software/amazon/awssdk/http-auth/2.25.11/http-auth-2.25.11.jar:/Users/divyan.chetty/.m2/repository/software/amazon/awssdk/identity-spi/2.25.11/identity-spi-2.25.11.jar:/Users/divyan.chetty/.m2/repository/software/amazon/awssdk/http-client-spi/2.25.11/http-client-spi-2.25.11.jar:/Users/divyan.chetty/.m2/repository/software/amazon/awssdk/regions/2.25.11/regions-2.25.11.jar:/Users/divyan.chetty/.m2/repository/software/amazon/awssdk/annotations/2.25.11/annotations-2.25.11.jar:/Users/divyan.chetty/.m2/repository/software/amazon/awssdk/utils/2.25.11/utils-2.25.11.jar:/Users/divyan.chetty/.m2/repository/software/amazon/awssdk/aws-core/2.25.11/aws-core-2.25.11.jar:/Users/divyan.chetty/.m2/repository/software/amazon/awssdk/metrics-spi/2.25.11/metrics-spi-2.25.11.jar:/Users/divyan.chetty/.m2/repository/software/amazon/awssdk/json-utils/2.25.11/json-utils-2.25.11.jar:/Users/divyan.chetty/.m2/repository/software/amazon/awssdk/third-party-jackson-core/2.25.11/third-party-jackson-core-2.25.11.jar:/Users/divyan.chetty/.m2/repository/software/amazon/awssdk/endpoints-spi/2.25.11/endpoints-spi-2.25.11.jar:/Users/divyan.chetty/.m2/repository/software/amazon/awssdk/apache-client/2.25.11/apache-client-2.25.11.jar:/Users/divyan.chetty/.m2/repository/org/apache/httpcomponents/httpclient/4.5.13/httpclient-4.5.13.jar:/Users/divyan.chetty/.m2/repository/commons-logging/commons-logging/1.2/commons-logging-1.2.jar:/Users/divyan.chetty/.m2/repository/org/apache/httpcomponents/httpcore/4.4.16/httpcore-4.4.16.jar:/Users/divyan.chetty/.m2/repository/commons-codec/commons-codec/1.17.2/commons-codec-1.17.2.jar:/Users/divyan.chetty/.m2/repository/software/amazon/awssdk/netty-nio-client/2.25.11/netty-nio-client-2.25.11.jar:/Users/divyan.chetty/.m2/repository/io/netty/netty-codec-http/4.1.119.Final/netty-codec-http-4.1.119.Final.jar:/Users/divyan.chetty/.m2/repository/io/netty/netty-codec-http2/4.1.119.Final/netty-codec-http2-4.1.119.Final.jar:/Users/divyan.chetty/.m2/repository/io/netty/netty-codec/4.1.119.Final/netty-codec-4.1.119.Final.jar:/Users/divyan.chetty/.m2/repository/io/netty/netty-transport/4.1.119.Final/netty-transport-4.1.119.Final.jar:/Users/divyan.chetty/.m2/repository/io/netty/netty-common/4.1.119.Final/netty-common-4.1.119.Final.jar:/Users/divyan.chetty/.m2/repository/io/netty/netty-buffer/4.1.119.Final/netty-buffer-4.1.119.Final.jar:/Users/divyan.chetty/.m2/repository/io/netty/netty-handler/4.1.119.Final/netty-handler-4.1.119.Final.jar:/Users/divyan.chetty/.m2/repository/io/netty/netty-transport-native-unix-common/4.1.119.Final/netty-transport-native-unix-common-4.1.119.Final.jar:/Users/divyan.chetty/.m2/repository/io/netty/netty-transport-classes-epoll/4.1.119.Final/netty-transport-classes-epoll-4.1.119.Final.jar:/Users/divyan.chetty/.m2/repository/io/netty/netty-resolver/4.1.119.Final/netty-resolver-4.1.119.Final.jar:/Users/divyan.chetty/.m2/repository/jakarta/annotation/jakarta.annotation-api/2.1.1/jakarta.annotation-api-2.1.1.jar:/Users/divyan.chetty/.m2/repository/org/springframework/boot/spring-boot-starter-test/3.4.4/spring-boot-starter-test-3.4.4.jar:/Users/divyan.chetty/.m2/repository/org/springframework/boot/spring-boot-test/3.4.4/spring-boot-test-3.4.4.jar:/Users/divyan.chetty/.m2/repository/org/springframework/boot/spring-boot-test-autoconfigure/3.4.4/spring-boot-test-autoconfigure-3.4.4.jar:/Users/divyan.chetty/.m2/repository/com/jayway/jsonpath/json-path/2.9.0/json-path-2.9.0.jar:/Users/divyan.chetty/.m2/repository/jakarta/xml/bind/jakarta.xml.bind-api/4.0.2/jakarta.xml.bind-api-4.0.2.jar:/Users/divyan.chetty/.m2/repository/jakarta/activation/jakarta.activation-api/2.1.3/jakarta.activation-api-2.1.3.jar:/Users/divyan.chetty/.m2/repository/net/minidev/json-smart/2.5.2/json-smart-2.5.2.jar:/Users/divyan.chetty/.m2/repository/net/minidev/accessors-smart/2.5.2/accessors-smart-2.5.2.jar:/Users/divyan.chetty/.m2/repository/org/ow2/asm/asm/9.7.1/asm-9.7.1.jar:/Users/divyan.chetty/.m2/repository/org/assertj/assertj-core/3.26.3/assertj-core-3.26.3.jar:/Users/divyan.chetty/.m2/repository/net/bytebuddy/byte-buddy/1.15.11/byte-buddy-1.15.11.jar:/Users/divyan.chetty/.m2/repository/org/awaitility/awaitility/4.2.2/awaitility-4.2.2.jar:/Users/divyan.chetty/.m2/repository/org/hamcrest/hamcrest/2.2/hamcrest-2.2.jar:/Users/divyan.chetty/.m2/repository/org/junit/jupiter/junit-jupiter/5.11.4/junit-jupiter-5.11.4.jar:/Users/divyan.chetty/.m2/repository/org/junit/jupiter/junit-jupiter-api/5.11.4/junit-jupiter-api-5.11.4.jar:/Users/divyan.chetty/.m2/repository/org/opentest4j/opentest4j/1.3.0/opentest4j-1.3.0.jar:/Users/divyan.chetty/.m2/repository/org/junit/platform/junit-platform-commons/1.11.4/junit-platform-commons-1.11.4.jar:/Users/divyan.chetty/.m2/repository/org/apiguardian/apiguardian-api/1.1.2/apiguardian-api-1.1.2.jar:/Users/divyan.chetty/.m2/repository/org/junit/jupiter/junit-jupiter-params/5.11.4/junit-jupiter-params-5.11.4.jar:/Users/divyan.chetty/.m2/repository/org/junit/jupiter/junit-jupiter-engine/5.11.4/junit-jupiter-engine-5.11.4.jar:/Users/divyan.chetty/.m2/repository/org/junit/platform/junit-platform-engine/1.11.4/junit-platform-engine-1.11.4.jar:/Users/divyan.chetty/.m2/repository/org/mockito/mockito-core/5.14.2/mockito-core-5.14.2.jar:/Users/divyan.chetty/.m2/repository/net/bytebuddy/byte-buddy-agent/1.15.11/byte-buddy-agent-1.15.11.jar:/Users/divyan.chetty/.m2/repository/org/objenesis/objenesis/3.3/objenesis-3.3.jar:/Users/divyan.chetty/.m2/repository/org/mockito/mockito-junit-jupiter/5.14.2/mockito-junit-jupiter-5.14.2.jar:/Users/divyan.chetty/.m2/repository/org/skyscreamer/jsonassert/1.5.3/jsonassert-1.5.3.jar:/Users/divyan.chetty/.m2/repository/com/vaadin/external/google/android-json/0.0.20131108.vaadin1/android-json-0.0.20131108.vaadin1.jar:/Users/divyan.chetty/.m2/repository/org/springframework/spring-core/6.2.5/spring-core-6.2.5.jar:/Users/divyan.chetty/.m2/repository/org/springframework/spring-jcl/6.2.5/spring-jcl-6.2.5.jar:/Users/divyan.chetty/.m2/repository/org/springframework/spring-test/6.2.5/spring-test-6.2.5.jar:/Users/divyan.chetty/.m2/repository/org/xmlunit/xmlunit-core/2.10.0/xmlunit-core-2.10.0.jar:"/>
    <property name="sun.cpu.endian" value="little"/>
    <property name="user.home" value="/Users/divyan.chetty"/>
    <property name="user.language" value="en"/>
    <property name="java.specification.vendor" value="Oracle Corporation"/>
    <property name="java.version.date" value="2024-01-16"/>
    <property name="java.home" value="/Users/divyan.chetty/.sdkman/candidates/java/17.0.10-tem"/>
    <property name="file.separator" value="/"/>
    <property name="basedir" value="/Users/divyan.chetty/workspace/sanlam-assessment"/>
    <property name="java.vm.compressedOopsMode" value="Zero based"/>
    <property name="line.separator" value="&#10;"/>
    <property name="java.specification.name" value="Java Platform API Specification"/>
    <property name="java.vm.specification.vendor" value="Oracle Corporation"/>
    <property name="FILE_LOG_CHARSET" value="UTF-8"/>
    <property name="java.awt.headless" value="true"/>
    <property name="surefire.real.class.path" value="/Users/divyan.chetty/workspace/sanlam-assessment/target/surefire/surefirebooter-20250413124332335_3.jar"/>
    <property name="sun.management.compiler" value="HotSpot 64-Bit Tiered Compilers"/>
    <property name="java.runtime.version" value="17.0.10+7"/>
    <property name="user.name" value="divyan.chetty"/>
    <property name="path.separator" value=":"/>
    <property name="os.version" value="13.7.1"/>
    <property name="java.runtime.name" value="OpenJDK Runtime Environment"/>
    <property name="file.encoding" value="UTF-8"/>
    <property name="java.vm.name" value="OpenJDK 64-Bit Server VM"/>
    <property name="java.vendor.version" value="Temurin-17.0.10+7"/>
    <property name="localRepository" value="/Users/divyan.chetty/.m2/repository"/>
    <property name="java.vendor.url.bug" value="https://github.com/adoptium/adoptium-support/issues"/>
    <property name="java.io.tmpdir" value="/var/folders/vm/yqq3nt8117x3rkzngl_6hyhw0000gp/T/"/>
    <property name="com.zaxxer.hikari.pool_number" value="1"/>
    <property name="java.version" value="17.0.10"/>
    <property name="user.dir" value="/Users/divyan.chetty/workspace/sanlam-assessment"/>
    <property name="os.arch" value="x86_64"/>
    <property name="java.vm.specification.name" value="Java Virtual Machine Specification"/>
    <property name="PID" value="69764"/>
    <property name="CONSOLE_LOG_CHARSET" value="UTF-8"/>
    <property name="native.encoding" value="UTF-8"/>
    <property name="java.library.path" value="/Users/divyan.chetty/Library/Java/Extensions:/Library/Java/Extensions:/Network/Library/Java/Extensions:/System/Library/Java/Extensions:/usr/lib/java:."/>
    <property name="java.vm.info" value="mixed mode"/>
    <property name="java.vendor" value="Eclipse Adoptium"/>
    <property name="java.vm.version" value="17.0.10+7"/>
    <property name="sun.io.unicode.encoding" value="UnicodeBig"/>
    <property name="java.class.version" value="61.0"/>
    <property name="LOGGED_APPLICATION_NAME" value="[sanlam] "/>
  </properties>
  <testcase name="contextLoads" classname="com.divy.sanlam.SanlamApplicationTests" time="1.343">
    <system-out><![CDATA[Standard Commons Logging discovery in action with spring-jcl: please remove commons-logging.jar from classpath in order to avoid potential conflicts
12:43:33.758 [main] INFO org.springframework.test.context.support.AnnotationConfigContextLoaderUtils -- Could not detect default configuration classes for test class [com.divy.sanlam.SanlamApplicationTests]: SanlamApplicationTests does not declare any static, non-private, non-final, nested classes annotated with @Configuration.
12:43:33.967 [main] INFO org.springframework.boot.test.context.SpringBootTestContextBootstrapper -- Found @SpringBootConfiguration com.divy.sanlam.SanlamApplication for test class com.divy.sanlam.SanlamApplicationTests

  .   ____          _            __ _ _
 /\\ / ___'_ __ _ _(_)_ __  __ _ \ \ \ \
( ( )\___ | '_ | '_| | '_ \/ _` | \ \ \ \
 \\/  ___)| |_)| | | | | || (_| |  ) ) ) )
  '  |____| .__|_| |_|_| |_\__, | / / / /
 =========|_|==============|___/=/_/_/_/

 :: Spring Boot ::                (v3.4.4)

2025-04-13T12:43:34.730+02:00  INFO 69764 --- [sanlam] [           main] com.divy.sanlam.SanlamApplicationTests   : Starting SanlamApplicationTests using Java 17.0.10 with PID 69764 (started by divyan.chetty in /Users/divyan.chetty/workspace/sanlam-assessment)
2025-04-13T12:43:34.733+02:00  INFO 69764 --- [sanlam] [           main] com.divy.sanlam.SanlamApplicationTests   : No active profile set, falling back to 1 default profile: "default"
2025-04-13T12:43:36.103+02:00  INFO 69764 --- [sanlam] [           main] com.zaxxer.hikari.HikariDataSource       : HikariPool-1 - Starting...
2025-04-13T12:43:36.552+02:00  INFO 69764 --- [sanlam] [           main] com.zaxxer.hikari.pool.HikariPool        : HikariPool-1 - Added connection conn0: url=jdbc:h2:mem:testdb user=SA
2025-04-13T12:43:36.558+02:00  INFO 69764 --- [sanlam] [           main] com.zaxxer.hikari.HikariDataSource       : HikariPool-1 - Start completed.
2025-04-13T12:43:38.552+02:00  INFO 69764 --- [sanlam] [           main] o.s.b.a.h2.H2ConsoleAutoConfiguration    : H2 console available at '/h2-console'. Database available at 'jdbc:h2:mem:testdb'
2025-04-13T12:43:38.662+02:00  INFO 69764 --- [sanlam] [           main] com.divy.sanlam.SanlamApplicationTests   : Started SanlamApplicationTests in 4.402 seconds (process running for 6.131)
]]></system-out>
  </testcase>
</testsuite>